[2024-07-06T11:47:34.045+0000] {processor.py:161} INFO - Started process (PID=76) to work on /home/airflow/.local/lib/python3.12/site-packages/airflow/example_dags/example_params_ui_tutorial.py
[2024-07-06T11:47:34.048+0000] {processor.py:830} INFO - Processing file /home/airflow/.local/lib/python3.12/site-packages/airflow/example_dags/example_params_ui_tutorial.py for tasks to queue
[2024-07-06T11:47:34.055+0000] {logging_mixin.py:188} INFO - [2024-07-06T11:47:34.054+0000] {dagbag.py:545} INFO - Filling up the DagBag from /home/airflow/.local/lib/python3.12/site-packages/airflow/example_dags/example_params_ui_tutorial.py
[2024-07-06T11:47:34.105+0000] {processor.py:840} INFO - DAG(s) 'example_params_ui_tutorial' retrieved from /home/airflow/.local/lib/python3.12/site-packages/airflow/example_dags/example_params_ui_tutorial.py
[2024-07-06T11:47:34.741+0000] {logging_mixin.py:188} INFO - [2024-07-06T11:47:34.739+0000] {override.py:1829} INFO - Created Permission View: can read on DAG:example_params_ui_tutorial
[2024-07-06T11:47:34.782+0000] {logging_mixin.py:188} INFO - [2024-07-06T11:47:34.781+0000] {override.py:1829} INFO - Created Permission View: can edit on DAG:example_params_ui_tutorial
[2024-07-06T11:47:34.810+0000] {logging_mixin.py:188} INFO - [2024-07-06T11:47:34.809+0000] {override.py:1829} INFO - Created Permission View: can delete on DAG:example_params_ui_tutorial
[2024-07-06T11:47:34.812+0000] {logging_mixin.py:188} INFO - [2024-07-06T11:47:34.811+0000] {dag.py:3096} INFO - Sync 1 DAGs
[2024-07-06T11:47:34.851+0000] {logging_mixin.py:188} INFO - [2024-07-06T11:47:34.850+0000] {dag.py:3118} INFO - Creating ORM DAG for example_params_ui_tutorial
[2024-07-06T11:47:34.853+0000] {logging_mixin.py:188} INFO - [2024-07-06T11:47:34.853+0000] {dag.py:3954} INFO - Setting next_dagrun for example_params_ui_tutorial to None, run_after=None
[2024-07-06T11:47:34.916+0000] {processor.py:183} INFO - Processing /home/airflow/.local/lib/python3.12/site-packages/airflow/example_dags/example_params_ui_tutorial.py took 0.888 seconds
[2024-07-06T11:48:05.120+0000] {processor.py:161} INFO - Started process (PID=134) to work on /home/airflow/.local/lib/python3.12/site-packages/airflow/example_dags/example_params_ui_tutorial.py
[2024-07-06T11:48:05.124+0000] {processor.py:830} INFO - Processing file /home/airflow/.local/lib/python3.12/site-packages/airflow/example_dags/example_params_ui_tutorial.py for tasks to queue
[2024-07-06T11:48:05.131+0000] {logging_mixin.py:188} INFO - [2024-07-06T11:48:05.130+0000] {dagbag.py:545} INFO - Filling up the DagBag from /home/airflow/.local/lib/python3.12/site-packages/airflow/example_dags/example_params_ui_tutorial.py
[2024-07-06T11:48:05.182+0000] {processor.py:840} INFO - DAG(s) 'example_params_ui_tutorial' retrieved from /home/airflow/.local/lib/python3.12/site-packages/airflow/example_dags/example_params_ui_tutorial.py
[2024-07-06T11:48:05.401+0000] {logging_mixin.py:188} INFO - [2024-07-06T11:48:05.400+0000] {dag.py:3096} INFO - Sync 1 DAGs
[2024-07-06T11:48:05.465+0000] {logging_mixin.py:188} INFO - [2024-07-06T11:48:05.464+0000] {dag.py:3954} INFO - Setting next_dagrun for example_params_ui_tutorial to None, run_after=None
[2024-07-06T11:48:05.542+0000] {processor.py:183} INFO - Processing /home/airflow/.local/lib/python3.12/site-packages/airflow/example_dags/example_params_ui_tutorial.py took 0.445 seconds
[2024-07-06T12:16:45.037+0000] {processor.py:161} INFO - Started process (PID=65) to work on /home/airflow/.local/lib/python3.12/site-packages/airflow/example_dags/example_params_ui_tutorial.py
[2024-07-06T12:16:45.047+0000] {processor.py:830} INFO - Processing file /home/airflow/.local/lib/python3.12/site-packages/airflow/example_dags/example_params_ui_tutorial.py for tasks to queue
[2024-07-06T12:16:45.069+0000] {logging_mixin.py:188} INFO - [2024-07-06T12:16:45.060+0000] {dagbag.py:545} INFO - Filling up the DagBag from /home/airflow/.local/lib/python3.12/site-packages/airflow/example_dags/example_params_ui_tutorial.py
[2024-07-06T12:16:45.704+0000] {processor.py:840} INFO - DAG(s) 'example_params_ui_tutorial' retrieved from /home/airflow/.local/lib/python3.12/site-packages/airflow/example_dags/example_params_ui_tutorial.py
[2024-07-06T12:16:49.445+0000] {logging_mixin.py:188} INFO - [2024-07-06T12:16:49.443+0000] {dag.py:3096} INFO - Sync 1 DAGs
[2024-07-06T12:16:49.642+0000] {logging_mixin.py:188} INFO - [2024-07-06T12:16:49.641+0000] {dag.py:3954} INFO - Setting next_dagrun for example_params_ui_tutorial to None, run_after=None
[2024-07-06T12:16:50.040+0000] {processor.py:183} INFO - Processing /home/airflow/.local/lib/python3.12/site-packages/airflow/example_dags/example_params_ui_tutorial.py took 5.036 seconds
