[2024-07-06T11:47:32.494+0000] {processor.py:161} INFO - Started process (PID=72) to work on /home/airflow/.local/lib/python3.12/site-packages/airflow/example_dags/example_sla_dag.py
[2024-07-06T11:47:32.498+0000] {processor.py:830} INFO - Processing file /home/airflow/.local/lib/python3.12/site-packages/airflow/example_dags/example_sla_dag.py for tasks to queue
[2024-07-06T11:47:32.507+0000] {logging_mixin.py:188} INFO - [2024-07-06T11:47:32.503+0000] {dagbag.py:545} INFO - Filling up the DagBag from /home/airflow/.local/lib/python3.12/site-packages/airflow/example_dags/example_sla_dag.py
[2024-07-06T11:47:32.539+0000] {processor.py:840} INFO - DAG(s) 'example_sla_dag' retrieved from /home/airflow/.local/lib/python3.12/site-packages/airflow/example_dags/example_sla_dag.py
[2024-07-06T11:47:32.921+0000] {logging_mixin.py:188} INFO - [2024-07-06T11:47:32.919+0000] {override.py:1829} INFO - Created Permission View: can read on DAG:example_sla_dag
[2024-07-06T11:47:32.968+0000] {logging_mixin.py:188} INFO - [2024-07-06T11:47:32.967+0000] {override.py:1829} INFO - Created Permission View: can edit on DAG:example_sla_dag
[2024-07-06T11:47:32.996+0000] {logging_mixin.py:188} INFO - [2024-07-06T11:47:32.995+0000] {override.py:1829} INFO - Created Permission View: can delete on DAG:example_sla_dag
[2024-07-06T11:47:32.998+0000] {logging_mixin.py:188} INFO - [2024-07-06T11:47:32.998+0000] {dag.py:3096} INFO - Sync 1 DAGs
[2024-07-06T11:47:33.037+0000] {logging_mixin.py:188} INFO - [2024-07-06T11:47:33.034+0000] {dag.py:3118} INFO - Creating ORM DAG for example_sla_dag
[2024-07-06T11:47:33.094+0000] {logging_mixin.py:188} INFO - [2024-07-06T11:47:33.093+0000] {dag.py:3954} INFO - Setting next_dagrun for example_sla_dag to 2024-07-06 11:44:00+00:00, run_after=2024-07-06 11:46:00+00:00
[2024-07-06T11:47:33.151+0000] {processor.py:183} INFO - Processing /home/airflow/.local/lib/python3.12/site-packages/airflow/example_dags/example_sla_dag.py took 0.682 seconds
[2024-07-06T11:48:03.638+0000] {processor.py:161} INFO - Started process (PID=130) to work on /home/airflow/.local/lib/python3.12/site-packages/airflow/example_dags/example_sla_dag.py
[2024-07-06T11:48:03.641+0000] {processor.py:830} INFO - Processing file /home/airflow/.local/lib/python3.12/site-packages/airflow/example_dags/example_sla_dag.py for tasks to queue
[2024-07-06T11:48:03.649+0000] {logging_mixin.py:188} INFO - [2024-07-06T11:48:03.647+0000] {dagbag.py:545} INFO - Filling up the DagBag from /home/airflow/.local/lib/python3.12/site-packages/airflow/example_dags/example_sla_dag.py
[2024-07-06T11:48:03.689+0000] {processor.py:840} INFO - DAG(s) 'example_sla_dag' retrieved from /home/airflow/.local/lib/python3.12/site-packages/airflow/example_dags/example_sla_dag.py
[2024-07-06T11:48:03.765+0000] {logging_mixin.py:188} INFO - [2024-07-06T11:48:03.764+0000] {dag.py:3096} INFO - Sync 1 DAGs
[2024-07-06T11:48:03.861+0000] {logging_mixin.py:188} INFO - [2024-07-06T11:48:03.861+0000] {dag.py:3954} INFO - Setting next_dagrun for example_sla_dag to 2024-07-06 11:46:00+00:00, run_after=2024-07-06 11:48:00+00:00
[2024-07-06T11:48:03.945+0000] {processor.py:183} INFO - Processing /home/airflow/.local/lib/python3.12/site-packages/airflow/example_dags/example_sla_dag.py took 0.336 seconds
[2024-07-06T12:16:34.596+0000] {processor.py:161} INFO - Started process (PID=61) to work on /home/airflow/.local/lib/python3.12/site-packages/airflow/example_dags/example_sla_dag.py
[2024-07-06T12:16:34.601+0000] {processor.py:830} INFO - Processing file /home/airflow/.local/lib/python3.12/site-packages/airflow/example_dags/example_sla_dag.py for tasks to queue
[2024-07-06T12:16:34.605+0000] {logging_mixin.py:188} INFO - [2024-07-06T12:16:34.604+0000] {dagbag.py:545} INFO - Filling up the DagBag from /home/airflow/.local/lib/python3.12/site-packages/airflow/example_dags/example_sla_dag.py
[2024-07-06T12:16:34.666+0000] {processor.py:840} INFO - DAG(s) 'example_sla_dag' retrieved from /home/airflow/.local/lib/python3.12/site-packages/airflow/example_dags/example_sla_dag.py
[2024-07-06T12:16:37.866+0000] {logging_mixin.py:188} INFO - [2024-07-06T12:16:37.854+0000] {dag.py:3096} INFO - Sync 1 DAGs
[2024-07-06T12:16:38.586+0000] {logging_mixin.py:188} INFO - [2024-07-06T12:16:38.585+0000] {dag.py:3954} INFO - Setting next_dagrun for example_sla_dag to 2024-07-06 12:14:00+00:00, run_after=2024-07-06 12:16:00+00:00
[2024-07-06T12:16:39.064+0000] {processor.py:183} INFO - Processing /home/airflow/.local/lib/python3.12/site-packages/airflow/example_dags/example_sla_dag.py took 4.492 seconds
