[2024-07-06T11:47:31.677+0000] {processor.py:161} INFO - Started process (PID=70) to work on /home/airflow/.local/lib/python3.12/site-packages/airflow/example_dags/example_external_task_marker_dag.py
[2024-07-06T11:47:31.683+0000] {processor.py:830} INFO - Processing file /home/airflow/.local/lib/python3.12/site-packages/airflow/example_dags/example_external_task_marker_dag.py for tasks to queue
[2024-07-06T11:47:31.689+0000] {logging_mixin.py:188} INFO - [2024-07-06T11:47:31.688+0000] {dagbag.py:545} INFO - Filling up the DagBag from /home/airflow/.local/lib/python3.12/site-packages/airflow/example_dags/example_external_task_marker_dag.py
[2024-07-06T11:47:31.710+0000] {processor.py:840} INFO - DAG(s) 'example_external_task_marker_parent', 'example_external_task_marker_child' retrieved from /home/airflow/.local/lib/python3.12/site-packages/airflow/example_dags/example_external_task_marker_dag.py
[2024-07-06T11:47:32.089+0000] {logging_mixin.py:188} INFO - [2024-07-06T11:47:32.087+0000] {override.py:1829} INFO - Created Permission View: can read on DAG:example_external_task_marker_parent
[2024-07-06T11:47:32.157+0000] {logging_mixin.py:188} INFO - [2024-07-06T11:47:32.157+0000] {override.py:1829} INFO - Created Permission View: can edit on DAG:example_external_task_marker_parent
[2024-07-06T11:47:32.197+0000] {logging_mixin.py:188} INFO - [2024-07-06T11:47:32.196+0000] {override.py:1829} INFO - Created Permission View: can delete on DAG:example_external_task_marker_parent
[2024-07-06T11:47:32.245+0000] {logging_mixin.py:188} INFO - [2024-07-06T11:47:32.244+0000] {override.py:1829} INFO - Created Permission View: can read on DAG:example_external_task_marker_child
[2024-07-06T11:47:32.267+0000] {logging_mixin.py:188} INFO - [2024-07-06T11:47:32.266+0000] {override.py:1829} INFO - Created Permission View: can edit on DAG:example_external_task_marker_child
[2024-07-06T11:47:32.291+0000] {logging_mixin.py:188} INFO - [2024-07-06T11:47:32.290+0000] {override.py:1829} INFO - Created Permission View: can delete on DAG:example_external_task_marker_child
[2024-07-06T11:47:32.293+0000] {logging_mixin.py:188} INFO - [2024-07-06T11:47:32.292+0000] {dag.py:3096} INFO - Sync 2 DAGs
[2024-07-06T11:47:32.329+0000] {logging_mixin.py:188} INFO - [2024-07-06T11:47:32.329+0000] {dag.py:3118} INFO - Creating ORM DAG for example_external_task_marker_child
[2024-07-06T11:47:32.332+0000] {logging_mixin.py:188} INFO - [2024-07-06T11:47:32.332+0000] {dag.py:3118} INFO - Creating ORM DAG for example_external_task_marker_parent
[2024-07-06T11:47:32.335+0000] {logging_mixin.py:188} INFO - [2024-07-06T11:47:32.334+0000] {dag.py:3954} INFO - Setting next_dagrun for example_external_task_marker_child to None, run_after=None
[2024-07-06T11:47:32.338+0000] {logging_mixin.py:188} INFO - [2024-07-06T11:47:32.337+0000] {dag.py:3954} INFO - Setting next_dagrun for example_external_task_marker_parent to None, run_after=None
[2024-07-06T11:47:32.393+0000] {processor.py:183} INFO - Processing /home/airflow/.local/lib/python3.12/site-packages/airflow/example_dags/example_external_task_marker_dag.py took 0.758 seconds
[2024-07-06T11:48:02.564+0000] {processor.py:161} INFO - Started process (PID=128) to work on /home/airflow/.local/lib/python3.12/site-packages/airflow/example_dags/example_external_task_marker_dag.py
[2024-07-06T11:48:02.566+0000] {processor.py:830} INFO - Processing file /home/airflow/.local/lib/python3.12/site-packages/airflow/example_dags/example_external_task_marker_dag.py for tasks to queue
[2024-07-06T11:48:02.573+0000] {logging_mixin.py:188} INFO - [2024-07-06T11:48:02.572+0000] {dagbag.py:545} INFO - Filling up the DagBag from /home/airflow/.local/lib/python3.12/site-packages/airflow/example_dags/example_external_task_marker_dag.py
[2024-07-06T11:48:02.599+0000] {processor.py:840} INFO - DAG(s) 'example_external_task_marker_parent', 'example_external_task_marker_child' retrieved from /home/airflow/.local/lib/python3.12/site-packages/airflow/example_dags/example_external_task_marker_dag.py
[2024-07-06T11:48:02.679+0000] {logging_mixin.py:188} INFO - [2024-07-06T11:48:02.678+0000] {dag.py:3096} INFO - Sync 2 DAGs
[2024-07-06T11:48:02.731+0000] {logging_mixin.py:188} INFO - [2024-07-06T11:48:02.730+0000] {dag.py:3954} INFO - Setting next_dagrun for example_external_task_marker_child to None, run_after=None
[2024-07-06T11:48:02.745+0000] {logging_mixin.py:188} INFO - [2024-07-06T11:48:02.744+0000] {dag.py:3954} INFO - Setting next_dagrun for example_external_task_marker_parent to None, run_after=None
[2024-07-06T11:48:02.811+0000] {processor.py:183} INFO - Processing /home/airflow/.local/lib/python3.12/site-packages/airflow/example_dags/example_external_task_marker_dag.py took 0.267 seconds
[2024-07-06T12:16:26.965+0000] {processor.py:161} INFO - Started process (PID=53) to work on /home/airflow/.local/lib/python3.12/site-packages/airflow/example_dags/example_external_task_marker_dag.py
[2024-07-06T12:16:26.969+0000] {processor.py:830} INFO - Processing file /home/airflow/.local/lib/python3.12/site-packages/airflow/example_dags/example_external_task_marker_dag.py for tasks to queue
[2024-07-06T12:16:26.979+0000] {logging_mixin.py:188} INFO - [2024-07-06T12:16:26.971+0000] {dagbag.py:545} INFO - Filling up the DagBag from /home/airflow/.local/lib/python3.12/site-packages/airflow/example_dags/example_external_task_marker_dag.py
[2024-07-06T12:16:27.037+0000] {processor.py:840} INFO - DAG(s) 'example_external_task_marker_parent', 'example_external_task_marker_child' retrieved from /home/airflow/.local/lib/python3.12/site-packages/airflow/example_dags/example_external_task_marker_dag.py
[2024-07-06T12:16:32.766+0000] {logging_mixin.py:188} INFO - [2024-07-06T12:16:32.746+0000] {dag.py:3096} INFO - Sync 2 DAGs
[2024-07-06T12:16:33.043+0000] {logging_mixin.py:188} INFO - [2024-07-06T12:16:33.040+0000] {dag.py:3954} INFO - Setting next_dagrun for example_external_task_marker_child to None, run_after=None
[2024-07-06T12:16:33.117+0000] {logging_mixin.py:188} INFO - [2024-07-06T12:16:33.116+0000] {dag.py:3954} INFO - Setting next_dagrun for example_external_task_marker_parent to None, run_after=None
[2024-07-06T12:16:33.609+0000] {processor.py:183} INFO - Processing /home/airflow/.local/lib/python3.12/site-packages/airflow/example_dags/example_external_task_marker_dag.py took 6.713 seconds
