[2024-07-06T11:45:14.260+0000] {processor.py:161} INFO - Started process (PID=61) to work on /home/airflow/.local/lib/python3.12/site-packages/airflow/example_dags/example_branch_labels.py
[2024-07-06T11:45:14.269+0000] {processor.py:830} INFO - Processing file /home/airflow/.local/lib/python3.12/site-packages/airflow/example_dags/example_branch_labels.py for tasks to queue
[2024-07-06T11:45:14.330+0000] {logging_mixin.py:188} INFO - [2024-07-06T11:45:14.327+0000] {dagbag.py:545} INFO - Filling up the DagBag from /home/airflow/.local/lib/python3.12/site-packages/airflow/example_dags/example_branch_labels.py
[2024-07-06T11:45:14.558+0000] {processor.py:840} INFO - DAG(s) 'example_branch_labels' retrieved from /home/airflow/.local/lib/python3.12/site-packages/airflow/example_dags/example_branch_labels.py
[2024-07-06T11:45:16.995+0000] {logging_mixin.py:188} INFO - [2024-07-06T11:45:16.963+0000] {override.py:1829} INFO - Created Permission View: can read on DAG:example_branch_labels
[2024-07-06T11:45:17.071+0000] {logging_mixin.py:188} INFO - [2024-07-06T11:45:17.070+0000] {override.py:1829} INFO - Created Permission View: can edit on DAG:example_branch_labels
[2024-07-06T11:45:17.142+0000] {logging_mixin.py:188} INFO - [2024-07-06T11:45:17.141+0000] {override.py:1829} INFO - Created Permission View: can delete on DAG:example_branch_labels
[2024-07-06T11:45:17.146+0000] {logging_mixin.py:188} INFO - [2024-07-06T11:45:17.145+0000] {dag.py:3096} INFO - Sync 1 DAGs
[2024-07-06T11:45:17.287+0000] {logging_mixin.py:188} INFO - [2024-07-06T11:45:17.286+0000] {dag.py:3118} INFO - Creating ORM DAG for example_branch_labels
[2024-07-06T11:45:17.414+0000] {logging_mixin.py:188} INFO - [2024-07-06T11:45:17.413+0000] {dag.py:3954} INFO - Setting next_dagrun for example_branch_labels to 2024-07-05 00:00:00+00:00, run_after=2024-07-06 00:00:00+00:00
[2024-07-06T11:45:17.524+0000] {processor.py:183} INFO - Processing /home/airflow/.local/lib/python3.12/site-packages/airflow/example_dags/example_branch_labels.py took 3.396 seconds
[2024-07-06T11:47:47.959+0000] {processor.py:161} INFO - Started process (PID=113) to work on /home/airflow/.local/lib/python3.12/site-packages/airflow/example_dags/example_branch_labels.py
[2024-07-06T11:47:47.962+0000] {processor.py:830} INFO - Processing file /home/airflow/.local/lib/python3.12/site-packages/airflow/example_dags/example_branch_labels.py for tasks to queue
[2024-07-06T11:47:47.967+0000] {logging_mixin.py:188} INFO - [2024-07-06T11:47:47.966+0000] {dagbag.py:545} INFO - Filling up the DagBag from /home/airflow/.local/lib/python3.12/site-packages/airflow/example_dags/example_branch_labels.py
[2024-07-06T11:47:47.988+0000] {processor.py:840} INFO - DAG(s) 'example_branch_labels' retrieved from /home/airflow/.local/lib/python3.12/site-packages/airflow/example_dags/example_branch_labels.py
[2024-07-06T11:47:48.038+0000] {logging_mixin.py:188} INFO - [2024-07-06T11:47:48.037+0000] {dag.py:3096} INFO - Sync 1 DAGs
[2024-07-06T11:47:48.112+0000] {logging_mixin.py:188} INFO - [2024-07-06T11:47:48.111+0000] {dag.py:3954} INFO - Setting next_dagrun for example_branch_labels to 2024-07-05 00:00:00+00:00, run_after=2024-07-06 00:00:00+00:00
[2024-07-06T11:47:48.169+0000] {processor.py:183} INFO - Processing /home/airflow/.local/lib/python3.12/site-packages/airflow/example_dags/example_branch_labels.py took 0.226 seconds
[2024-07-06T11:50:15.970+0000] {processor.py:161} INFO - Started process (PID=157) to work on /home/airflow/.local/lib/python3.12/site-packages/airflow/example_dags/example_branch_labels.py
[2024-07-06T11:50:15.976+0000] {processor.py:830} INFO - Processing file /home/airflow/.local/lib/python3.12/site-packages/airflow/example_dags/example_branch_labels.py for tasks to queue
[2024-07-06T11:50:15.995+0000] {logging_mixin.py:188} INFO - [2024-07-06T11:50:15.993+0000] {dagbag.py:545} INFO - Filling up the DagBag from /home/airflow/.local/lib/python3.12/site-packages/airflow/example_dags/example_branch_labels.py
[2024-07-06T11:50:16.062+0000] {processor.py:840} INFO - DAG(s) 'example_branch_labels' retrieved from /home/airflow/.local/lib/python3.12/site-packages/airflow/example_dags/example_branch_labels.py
[2024-07-06T11:50:16.353+0000] {logging_mixin.py:188} INFO - [2024-07-06T11:50:16.351+0000] {dag.py:3096} INFO - Sync 1 DAGs
[2024-07-06T11:50:16.537+0000] {logging_mixin.py:188} INFO - [2024-07-06T11:50:16.536+0000] {dag.py:3954} INFO - Setting next_dagrun for example_branch_labels to 2024-07-05 00:00:00+00:00, run_after=2024-07-06 00:00:00+00:00
[2024-07-06T11:50:16.646+0000] {processor.py:183} INFO - Processing /home/airflow/.local/lib/python3.12/site-packages/airflow/example_dags/example_branch_labels.py took 0.721 seconds
[2024-07-06T12:06:39.100+0000] {processor.py:161} INFO - Started process (PID=44) to work on /home/airflow/.local/lib/python3.12/site-packages/airflow/example_dags/example_branch_labels.py
[2024-07-06T12:06:39.106+0000] {processor.py:830} INFO - Processing file /home/airflow/.local/lib/python3.12/site-packages/airflow/example_dags/example_branch_labels.py for tasks to queue
[2024-07-06T12:06:39.120+0000] {logging_mixin.py:188} INFO - [2024-07-06T12:06:39.115+0000] {dagbag.py:545} INFO - Filling up the DagBag from /home/airflow/.local/lib/python3.12/site-packages/airflow/example_dags/example_branch_labels.py
[2024-07-06T12:27:46.865+0000] {processor.py:161} INFO - Started process (PID=56) to work on /home/airflow/.local/lib/python3.12/site-packages/airflow/example_dags/example_branch_labels.py
[2024-07-06T12:27:46.871+0000] {processor.py:830} INFO - Processing file /home/airflow/.local/lib/python3.12/site-packages/airflow/example_dags/example_branch_labels.py for tasks to queue
[2024-07-06T12:27:46.880+0000] {logging_mixin.py:188} INFO - [2024-07-06T12:27:46.875+0000] {dagbag.py:545} INFO - Filling up the DagBag from /home/airflow/.local/lib/python3.12/site-packages/airflow/example_dags/example_branch_labels.py
