[2024-07-06T11:47:28.119+0000] {processor.py:161} INFO - Started process (PID=64) to work on /home/airflow/.local/lib/python3.12/site-packages/airflow/example_dags/example_branch_datetime_operator.py
[2024-07-06T11:47:28.122+0000] {processor.py:830} INFO - Processing file /home/airflow/.local/lib/python3.12/site-packages/airflow/example_dags/example_branch_datetime_operator.py for tasks to queue
[2024-07-06T11:47:28.137+0000] {logging_mixin.py:188} INFO - [2024-07-06T11:47:28.134+0000] {dagbag.py:545} INFO - Filling up the DagBag from /home/airflow/.local/lib/python3.12/site-packages/airflow/example_dags/example_branch_datetime_operator.py
[2024-07-06T11:47:28.413+0000] {processor.py:840} INFO - DAG(s) 'example_branch_datetime_operator', 'example_branch_datetime_operator_2', 'example_branch_datetime_operator_3' retrieved from /home/airflow/.local/lib/python3.12/site-packages/airflow/example_dags/example_branch_datetime_operator.py
[2024-07-06T11:47:29.595+0000] {logging_mixin.py:188} INFO - [2024-07-06T11:47:29.593+0000] {override.py:1829} INFO - Created Permission View: can read on DAG:example_branch_datetime_operator
[2024-07-06T11:47:29.629+0000] {logging_mixin.py:188} INFO - [2024-07-06T11:47:29.628+0000] {override.py:1829} INFO - Created Permission View: can edit on DAG:example_branch_datetime_operator
[2024-07-06T11:47:29.655+0000] {logging_mixin.py:188} INFO - [2024-07-06T11:47:29.654+0000] {override.py:1829} INFO - Created Permission View: can delete on DAG:example_branch_datetime_operator
[2024-07-06T11:47:29.702+0000] {logging_mixin.py:188} INFO - [2024-07-06T11:47:29.701+0000] {override.py:1829} INFO - Created Permission View: can read on DAG:example_branch_datetime_operator_2
[2024-07-06T11:47:29.727+0000] {logging_mixin.py:188} INFO - [2024-07-06T11:47:29.726+0000] {override.py:1829} INFO - Created Permission View: can edit on DAG:example_branch_datetime_operator_2
[2024-07-06T11:47:29.755+0000] {logging_mixin.py:188} INFO - [2024-07-06T11:47:29.754+0000] {override.py:1829} INFO - Created Permission View: can delete on DAG:example_branch_datetime_operator_2
[2024-07-06T11:47:29.789+0000] {logging_mixin.py:188} INFO - [2024-07-06T11:47:29.788+0000] {override.py:1829} INFO - Created Permission View: can read on DAG:example_branch_datetime_operator_3
[2024-07-06T11:47:29.817+0000] {logging_mixin.py:188} INFO - [2024-07-06T11:47:29.816+0000] {override.py:1829} INFO - Created Permission View: can edit on DAG:example_branch_datetime_operator_3
[2024-07-06T11:47:29.850+0000] {logging_mixin.py:188} INFO - [2024-07-06T11:47:29.849+0000] {override.py:1829} INFO - Created Permission View: can delete on DAG:example_branch_datetime_operator_3
[2024-07-06T11:47:29.852+0000] {logging_mixin.py:188} INFO - [2024-07-06T11:47:29.851+0000] {dag.py:3096} INFO - Sync 3 DAGs
[2024-07-06T11:47:29.895+0000] {logging_mixin.py:188} INFO - [2024-07-06T11:47:29.895+0000] {dag.py:3118} INFO - Creating ORM DAG for example_branch_datetime_operator_2
[2024-07-06T11:47:29.898+0000] {logging_mixin.py:188} INFO - [2024-07-06T11:47:29.898+0000] {dag.py:3118} INFO - Creating ORM DAG for example_branch_datetime_operator
[2024-07-06T11:47:29.902+0000] {logging_mixin.py:188} INFO - [2024-07-06T11:47:29.901+0000] {dag.py:3118} INFO - Creating ORM DAG for example_branch_datetime_operator_3
[2024-07-06T11:47:30.023+0000] {logging_mixin.py:188} INFO - [2024-07-06T11:47:30.022+0000] {dag.py:3954} INFO - Setting next_dagrun for example_branch_datetime_operator to 2024-07-05 00:00:00+00:00, run_after=2024-07-06 00:00:00+00:00
[2024-07-06T11:47:30.065+0000] {logging_mixin.py:188} INFO - [2024-07-06T11:47:30.065+0000] {dag.py:3954} INFO - Setting next_dagrun for example_branch_datetime_operator_2 to 2024-07-05 00:00:00+00:00, run_after=2024-07-06 00:00:00+00:00
[2024-07-06T11:47:30.073+0000] {logging_mixin.py:188} INFO - [2024-07-06T11:47:30.072+0000] {dag.py:3954} INFO - Setting next_dagrun for example_branch_datetime_operator_3 to 2024-07-05 00:00:00+00:00, run_after=2024-07-06 00:00:00+00:00
[2024-07-06T11:47:30.172+0000] {processor.py:183} INFO - Processing /home/airflow/.local/lib/python3.12/site-packages/airflow/example_dags/example_branch_datetime_operator.py took 2.184 seconds
[2024-07-06T11:48:00.701+0000] {processor.py:161} INFO - Started process (PID=123) to work on /home/airflow/.local/lib/python3.12/site-packages/airflow/example_dags/example_branch_datetime_operator.py
[2024-07-06T11:48:00.704+0000] {processor.py:830} INFO - Processing file /home/airflow/.local/lib/python3.12/site-packages/airflow/example_dags/example_branch_datetime_operator.py for tasks to queue
[2024-07-06T11:48:00.711+0000] {logging_mixin.py:188} INFO - [2024-07-06T11:48:00.709+0000] {dagbag.py:545} INFO - Filling up the DagBag from /home/airflow/.local/lib/python3.12/site-packages/airflow/example_dags/example_branch_datetime_operator.py
[2024-07-06T11:48:00.750+0000] {processor.py:840} INFO - DAG(s) 'example_branch_datetime_operator', 'example_branch_datetime_operator_3', 'example_branch_datetime_operator_2' retrieved from /home/airflow/.local/lib/python3.12/site-packages/airflow/example_dags/example_branch_datetime_operator.py
[2024-07-06T11:48:00.850+0000] {logging_mixin.py:188} INFO - [2024-07-06T11:48:00.849+0000] {dag.py:3096} INFO - Sync 3 DAGs
[2024-07-06T11:48:00.941+0000] {logging_mixin.py:188} INFO - [2024-07-06T11:48:00.940+0000] {dag.py:3954} INFO - Setting next_dagrun for example_branch_datetime_operator to 2024-07-05 00:00:00+00:00, run_after=2024-07-06 00:00:00+00:00
[2024-07-06T11:48:00.961+0000] {logging_mixin.py:188} INFO - [2024-07-06T11:48:00.960+0000] {dag.py:3954} INFO - Setting next_dagrun for example_branch_datetime_operator_2 to 2024-07-05 00:00:00+00:00, run_after=2024-07-06 00:00:00+00:00
[2024-07-06T11:48:00.970+0000] {logging_mixin.py:188} INFO - [2024-07-06T11:48:00.970+0000] {dag.py:3954} INFO - Setting next_dagrun for example_branch_datetime_operator_3 to 2024-07-05 00:00:00+00:00, run_after=2024-07-06 00:00:00+00:00
[2024-07-06T11:48:01.029+0000] {processor.py:183} INFO - Processing /home/airflow/.local/lib/python3.12/site-packages/airflow/example_dags/example_branch_datetime_operator.py took 0.348 seconds
[2024-07-06T11:50:17.364+0000] {processor.py:161} INFO - Started process (PID=160) to work on /home/airflow/.local/lib/python3.12/site-packages/airflow/example_dags/example_branch_datetime_operator.py
[2024-07-06T11:50:17.368+0000] {processor.py:830} INFO - Processing file /home/airflow/.local/lib/python3.12/site-packages/airflow/example_dags/example_branch_datetime_operator.py for tasks to queue
[2024-07-06T11:50:17.398+0000] {logging_mixin.py:188} INFO - [2024-07-06T11:50:17.397+0000] {dagbag.py:545} INFO - Filling up the DagBag from /home/airflow/.local/lib/python3.12/site-packages/airflow/example_dags/example_branch_datetime_operator.py
[2024-07-06T11:50:17.464+0000] {processor.py:840} INFO - DAG(s) 'example_branch_datetime_operator', 'example_branch_datetime_operator_2', 'example_branch_datetime_operator_3' retrieved from /home/airflow/.local/lib/python3.12/site-packages/airflow/example_dags/example_branch_datetime_operator.py
[2024-07-06T11:50:17.718+0000] {logging_mixin.py:188} INFO - [2024-07-06T11:50:17.713+0000] {dag.py:3096} INFO - Sync 3 DAGs
[2024-07-06T11:50:19.989+0000] {logging_mixin.py:188} INFO - [2024-07-06T11:50:19.988+0000] {process_utils.py:263} INFO - Waiting up to 5 seconds for processes to exit...
[2024-07-06T12:12:47.534+0000] {processor.py:161} INFO - Started process (PID=47) to work on /home/airflow/.local/lib/python3.12/site-packages/airflow/example_dags/example_branch_datetime_operator.py
[2024-07-06T12:12:47.548+0000] {processor.py:830} INFO - Processing file /home/airflow/.local/lib/python3.12/site-packages/airflow/example_dags/example_branch_datetime_operator.py for tasks to queue
[2024-07-06T12:12:47.557+0000] {logging_mixin.py:188} INFO - [2024-07-06T12:12:47.550+0000] {dagbag.py:545} INFO - Filling up the DagBag from /home/airflow/.local/lib/python3.12/site-packages/airflow/example_dags/example_branch_datetime_operator.py
[2024-07-06T12:14:39.685+0000] {logging_mixin.py:188} INFO - [2024-07-06T12:13:21.873+0000] {timeout.py:68} ERROR - Process timed out, PID: 47
