[2024-07-06T11:47:29.941+0000] {processor.py:161} INFO - Started process (PID=66) to work on /home/airflow/.local/lib/python3.12/site-packages/airflow/example_dags/example_setup_teardown_taskflow.py
[2024-07-06T11:47:29.943+0000] {processor.py:830} INFO - Processing file /home/airflow/.local/lib/python3.12/site-packages/airflow/example_dags/example_setup_teardown_taskflow.py for tasks to queue
[2024-07-06T11:47:29.949+0000] {logging_mixin.py:188} INFO - [2024-07-06T11:47:29.948+0000] {dagbag.py:545} INFO - Filling up the DagBag from /home/airflow/.local/lib/python3.12/site-packages/airflow/example_dags/example_setup_teardown_taskflow.py
[2024-07-06T11:47:30.008+0000] {processor.py:840} INFO - DAG(s) 'example_setup_teardown_taskflow' retrieved from /home/airflow/.local/lib/python3.12/site-packages/airflow/example_dags/example_setup_teardown_taskflow.py
[2024-07-06T11:47:30.412+0000] {logging_mixin.py:188} INFO - [2024-07-06T11:47:30.410+0000] {override.py:1829} INFO - Created Permission View: can read on DAG:example_setup_teardown_taskflow
[2024-07-06T11:47:30.442+0000] {logging_mixin.py:188} INFO - [2024-07-06T11:47:30.441+0000] {override.py:1829} INFO - Created Permission View: can edit on DAG:example_setup_teardown_taskflow
[2024-07-06T11:47:30.462+0000] {logging_mixin.py:188} INFO - [2024-07-06T11:47:30.461+0000] {override.py:1829} INFO - Created Permission View: can delete on DAG:example_setup_teardown_taskflow
[2024-07-06T11:47:30.464+0000] {logging_mixin.py:188} INFO - [2024-07-06T11:47:30.463+0000] {dag.py:3096} INFO - Sync 1 DAGs
[2024-07-06T11:47:30.503+0000] {logging_mixin.py:188} INFO - [2024-07-06T11:47:30.502+0000] {dag.py:3118} INFO - Creating ORM DAG for example_setup_teardown_taskflow
[2024-07-06T11:47:30.573+0000] {logging_mixin.py:188} INFO - [2024-07-06T11:47:30.573+0000] {dag.py:3954} INFO - Setting next_dagrun for example_setup_teardown_taskflow to 2024-07-05 00:00:00+00:00, run_after=2024-07-06 00:00:00+00:00
[2024-07-06T11:47:30.663+0000] {processor.py:183} INFO - Processing /home/airflow/.local/lib/python3.12/site-packages/airflow/example_dags/example_setup_teardown_taskflow.py took 0.742 seconds
[2024-07-06T11:48:01.170+0000] {processor.py:161} INFO - Started process (PID=124) to work on /home/airflow/.local/lib/python3.12/site-packages/airflow/example_dags/example_setup_teardown_taskflow.py
[2024-07-06T11:48:01.176+0000] {processor.py:830} INFO - Processing file /home/airflow/.local/lib/python3.12/site-packages/airflow/example_dags/example_setup_teardown_taskflow.py for tasks to queue
[2024-07-06T11:48:01.185+0000] {logging_mixin.py:188} INFO - [2024-07-06T11:48:01.184+0000] {dagbag.py:545} INFO - Filling up the DagBag from /home/airflow/.local/lib/python3.12/site-packages/airflow/example_dags/example_setup_teardown_taskflow.py
[2024-07-06T11:48:01.252+0000] {processor.py:840} INFO - DAG(s) 'example_setup_teardown_taskflow' retrieved from /home/airflow/.local/lib/python3.12/site-packages/airflow/example_dags/example_setup_teardown_taskflow.py
[2024-07-06T11:48:01.357+0000] {logging_mixin.py:188} INFO - [2024-07-06T11:48:01.356+0000] {dag.py:3096} INFO - Sync 1 DAGs
[2024-07-06T11:48:01.445+0000] {logging_mixin.py:188} INFO - [2024-07-06T11:48:01.444+0000] {dag.py:3954} INFO - Setting next_dagrun for example_setup_teardown_taskflow to 2024-07-05 00:00:00+00:00, run_after=2024-07-06 00:00:00+00:00
[2024-07-06T11:48:01.510+0000] {processor.py:183} INFO - Processing /home/airflow/.local/lib/python3.12/site-packages/airflow/example_dags/example_setup_teardown_taskflow.py took 0.372 seconds
[2024-07-06T12:14:41.128+0000] {processor.py:161} INFO - Started process (PID=49) to work on /home/airflow/.local/lib/python3.12/site-packages/airflow/example_dags/example_setup_teardown_taskflow.py
[2024-07-06T12:14:41.132+0000] {processor.py:830} INFO - Processing file /home/airflow/.local/lib/python3.12/site-packages/airflow/example_dags/example_setup_teardown_taskflow.py for tasks to queue
[2024-07-06T12:14:41.157+0000] {logging_mixin.py:188} INFO - [2024-07-06T12:14:41.149+0000] {dagbag.py:545} INFO - Filling up the DagBag from /home/airflow/.local/lib/python3.12/site-packages/airflow/example_dags/example_setup_teardown_taskflow.py
[2024-07-06T12:14:41.470+0000] {processor.py:840} INFO - DAG(s) 'example_setup_teardown_taskflow' retrieved from /home/airflow/.local/lib/python3.12/site-packages/airflow/example_dags/example_setup_teardown_taskflow.py
