[2024-07-06T11:47:30.767+0000] {processor.py:161} INFO - Started process (PID=68) to work on /home/airflow/.local/lib/python3.12/site-packages/airflow/example_dags/example_task_group_decorator.py
[2024-07-06T11:47:30.770+0000] {processor.py:830} INFO - Processing file /home/airflow/.local/lib/python3.12/site-packages/airflow/example_dags/example_task_group_decorator.py for tasks to queue
[2024-07-06T11:47:30.776+0000] {logging_mixin.py:188} INFO - [2024-07-06T11:47:30.775+0000] {dagbag.py:545} INFO - Filling up the DagBag from /home/airflow/.local/lib/python3.12/site-packages/airflow/example_dags/example_task_group_decorator.py
[2024-07-06T11:47:30.839+0000] {processor.py:840} INFO - DAG(s) 'example_task_group_decorator' retrieved from /home/airflow/.local/lib/python3.12/site-packages/airflow/example_dags/example_task_group_decorator.py
[2024-07-06T11:47:31.318+0000] {logging_mixin.py:188} INFO - [2024-07-06T11:47:31.314+0000] {override.py:1829} INFO - Created Permission View: can read on DAG:example_task_group_decorator
[2024-07-06T11:47:31.349+0000] {logging_mixin.py:188} INFO - [2024-07-06T11:47:31.348+0000] {override.py:1829} INFO - Created Permission View: can edit on DAG:example_task_group_decorator
[2024-07-06T11:47:31.379+0000] {logging_mixin.py:188} INFO - [2024-07-06T11:47:31.378+0000] {override.py:1829} INFO - Created Permission View: can delete on DAG:example_task_group_decorator
[2024-07-06T11:47:31.381+0000] {logging_mixin.py:188} INFO - [2024-07-06T11:47:31.380+0000] {dag.py:3096} INFO - Sync 1 DAGs
[2024-07-06T11:47:31.422+0000] {logging_mixin.py:188} INFO - [2024-07-06T11:47:31.422+0000] {dag.py:3118} INFO - Creating ORM DAG for example_task_group_decorator
[2024-07-06T11:47:31.460+0000] {logging_mixin.py:188} INFO - [2024-07-06T11:47:31.460+0000] {dag.py:3954} INFO - Setting next_dagrun for example_task_group_decorator to 2024-07-05 00:00:00+00:00, run_after=2024-07-06 00:00:00+00:00
[2024-07-06T11:47:31.515+0000] {processor.py:183} INFO - Processing /home/airflow/.local/lib/python3.12/site-packages/airflow/example_dags/example_task_group_decorator.py took 0.767 seconds
[2024-07-06T11:48:01.675+0000] {processor.py:161} INFO - Started process (PID=126) to work on /home/airflow/.local/lib/python3.12/site-packages/airflow/example_dags/example_task_group_decorator.py
[2024-07-06T11:48:01.681+0000] {processor.py:830} INFO - Processing file /home/airflow/.local/lib/python3.12/site-packages/airflow/example_dags/example_task_group_decorator.py for tasks to queue
[2024-07-06T11:48:01.697+0000] {logging_mixin.py:188} INFO - [2024-07-06T11:48:01.693+0000] {dagbag.py:545} INFO - Filling up the DagBag from /home/airflow/.local/lib/python3.12/site-packages/airflow/example_dags/example_task_group_decorator.py
[2024-07-06T11:48:01.784+0000] {processor.py:840} INFO - DAG(s) 'example_task_group_decorator' retrieved from /home/airflow/.local/lib/python3.12/site-packages/airflow/example_dags/example_task_group_decorator.py
[2024-07-06T11:48:01.898+0000] {logging_mixin.py:188} INFO - [2024-07-06T11:48:01.898+0000] {dag.py:3096} INFO - Sync 1 DAGs
[2024-07-06T11:48:01.999+0000] {logging_mixin.py:188} INFO - [2024-07-06T11:48:01.998+0000] {dag.py:3954} INFO - Setting next_dagrun for example_task_group_decorator to 2024-07-05 00:00:00+00:00, run_after=2024-07-06 00:00:00+00:00
[2024-07-06T11:48:02.082+0000] {processor.py:183} INFO - Processing /home/airflow/.local/lib/python3.12/site-packages/airflow/example_dags/example_task_group_decorator.py took 0.440 seconds
[2024-07-06T12:16:10.734+0000] {processor.py:161} INFO - Started process (PID=51) to work on /home/airflow/.local/lib/python3.12/site-packages/airflow/example_dags/example_task_group_decorator.py
[2024-07-06T12:16:10.757+0000] {processor.py:830} INFO - Processing file /home/airflow/.local/lib/python3.12/site-packages/airflow/example_dags/example_task_group_decorator.py for tasks to queue
[2024-07-06T12:16:10.775+0000] {logging_mixin.py:188} INFO - [2024-07-06T12:16:10.766+0000] {dagbag.py:545} INFO - Filling up the DagBag from /home/airflow/.local/lib/python3.12/site-packages/airflow/example_dags/example_task_group_decorator.py
[2024-07-06T12:16:11.696+0000] {processor.py:840} INFO - DAG(s) 'example_task_group_decorator' retrieved from /home/airflow/.local/lib/python3.12/site-packages/airflow/example_dags/example_task_group_decorator.py
[2024-07-06T12:16:24.803+0000] {logging_mixin.py:188} INFO - [2024-07-06T12:16:24.743+0000] {dag.py:3096} INFO - Sync 1 DAGs
[2024-07-06T12:16:25.336+0000] {logging_mixin.py:188} INFO - [2024-07-06T12:16:25.335+0000] {dag.py:3954} INFO - Setting next_dagrun for example_task_group_decorator to 2024-07-05 00:00:00+00:00, run_after=2024-07-06 00:00:00+00:00
[2024-07-06T12:16:25.739+0000] {processor.py:183} INFO - Processing /home/airflow/.local/lib/python3.12/site-packages/airflow/example_dags/example_task_group_decorator.py took 15.240 seconds
