[2024-07-06T11:47:34.517+0000] {processor.py:161} INFO - Started process (PID=77) to work on /home/airflow/.local/lib/python3.12/site-packages/airflow/example_dags/example_xcomargs.py
[2024-07-06T11:47:34.520+0000] {processor.py:830} INFO - Processing file /home/airflow/.local/lib/python3.12/site-packages/airflow/example_dags/example_xcomargs.py for tasks to queue
[2024-07-06T11:47:34.526+0000] {logging_mixin.py:188} INFO - [2024-07-06T11:47:34.525+0000] {dagbag.py:545} INFO - Filling up the DagBag from /home/airflow/.local/lib/python3.12/site-packages/airflow/example_dags/example_xcomargs.py
[2024-07-06T11:47:34.561+0000] {processor.py:840} INFO - DAG(s) 'example_xcom_args_with_operators', 'example_xcom_args' retrieved from /home/airflow/.local/lib/python3.12/site-packages/airflow/example_dags/example_xcomargs.py
[2024-07-06T11:47:34.901+0000] {logging_mixin.py:188} INFO - [2024-07-06T11:47:34.899+0000] {override.py:1829} INFO - Created Permission View: can read on DAG:example_xcom_args_with_operators
[2024-07-06T11:47:34.938+0000] {logging_mixin.py:188} INFO - [2024-07-06T11:47:34.937+0000] {override.py:1829} INFO - Created Permission View: can edit on DAG:example_xcom_args_with_operators
[2024-07-06T11:47:34.961+0000] {logging_mixin.py:188} INFO - [2024-07-06T11:47:34.960+0000] {override.py:1829} INFO - Created Permission View: can delete on DAG:example_xcom_args_with_operators
[2024-07-06T11:47:35.005+0000] {logging_mixin.py:188} INFO - [2024-07-06T11:47:35.004+0000] {override.py:1829} INFO - Created Permission View: can read on DAG:example_xcom_args
[2024-07-06T11:47:35.026+0000] {logging_mixin.py:188} INFO - [2024-07-06T11:47:35.025+0000] {override.py:1829} INFO - Created Permission View: can edit on DAG:example_xcom_args
[2024-07-06T11:47:35.048+0000] {logging_mixin.py:188} INFO - [2024-07-06T11:47:35.047+0000] {override.py:1829} INFO - Created Permission View: can delete on DAG:example_xcom_args
[2024-07-06T11:47:35.050+0000] {logging_mixin.py:188} INFO - [2024-07-06T11:47:35.049+0000] {dag.py:3096} INFO - Sync 2 DAGs
[2024-07-06T11:47:35.094+0000] {logging_mixin.py:188} INFO - [2024-07-06T11:47:35.093+0000] {dag.py:3118} INFO - Creating ORM DAG for example_xcom_args_with_operators
[2024-07-06T11:47:35.097+0000] {logging_mixin.py:188} INFO - [2024-07-06T11:47:35.096+0000] {dag.py:3118} INFO - Creating ORM DAG for example_xcom_args
[2024-07-06T11:47:35.103+0000] {logging_mixin.py:188} INFO - [2024-07-06T11:47:35.102+0000] {dag.py:3954} INFO - Setting next_dagrun for example_xcom_args to None, run_after=None
[2024-07-06T11:47:35.106+0000] {logging_mixin.py:188} INFO - [2024-07-06T11:47:35.105+0000] {dag.py:3954} INFO - Setting next_dagrun for example_xcom_args_with_operators to None, run_after=None
[2024-07-06T11:47:35.158+0000] {processor.py:183} INFO - Processing /home/airflow/.local/lib/python3.12/site-packages/airflow/example_dags/example_xcomargs.py took 0.659 seconds
[2024-07-06T11:48:05.518+0000] {processor.py:161} INFO - Started process (PID=135) to work on /home/airflow/.local/lib/python3.12/site-packages/airflow/example_dags/example_xcomargs.py
[2024-07-06T11:48:05.522+0000] {processor.py:830} INFO - Processing file /home/airflow/.local/lib/python3.12/site-packages/airflow/example_dags/example_xcomargs.py for tasks to queue
[2024-07-06T11:48:05.530+0000] {logging_mixin.py:188} INFO - [2024-07-06T11:48:05.529+0000] {dagbag.py:545} INFO - Filling up the DagBag from /home/airflow/.local/lib/python3.12/site-packages/airflow/example_dags/example_xcomargs.py
[2024-07-06T11:48:05.578+0000] {processor.py:840} INFO - DAG(s) 'example_xcom_args', 'example_xcom_args_with_operators' retrieved from /home/airflow/.local/lib/python3.12/site-packages/airflow/example_dags/example_xcomargs.py
[2024-07-06T11:48:05.661+0000] {logging_mixin.py:188} INFO - [2024-07-06T11:48:05.660+0000] {dag.py:3096} INFO - Sync 2 DAGs
[2024-07-06T11:48:05.717+0000] {logging_mixin.py:188} INFO - [2024-07-06T11:48:05.717+0000] {dag.py:3954} INFO - Setting next_dagrun for example_xcom_args to None, run_after=None
[2024-07-06T11:48:05.738+0000] {logging_mixin.py:188} INFO - [2024-07-06T11:48:05.737+0000] {dag.py:3954} INFO - Setting next_dagrun for example_xcom_args_with_operators to None, run_after=None
[2024-07-06T11:48:05.813+0000] {processor.py:183} INFO - Processing /home/airflow/.local/lib/python3.12/site-packages/airflow/example_dags/example_xcomargs.py took 0.317 seconds
[2024-07-06T12:16:47.730+0000] {processor.py:161} INFO - Started process (PID=66) to work on /home/airflow/.local/lib/python3.12/site-packages/airflow/example_dags/example_xcomargs.py
[2024-07-06T12:16:47.751+0000] {processor.py:830} INFO - Processing file /home/airflow/.local/lib/python3.12/site-packages/airflow/example_dags/example_xcomargs.py for tasks to queue
[2024-07-06T12:16:47.800+0000] {logging_mixin.py:188} INFO - [2024-07-06T12:16:47.793+0000] {dagbag.py:545} INFO - Filling up the DagBag from /home/airflow/.local/lib/python3.12/site-packages/airflow/example_dags/example_xcomargs.py
[2024-07-06T12:16:48.977+0000] {processor.py:840} INFO - DAG(s) 'example_xcom_args_with_operators', 'example_xcom_args' retrieved from /home/airflow/.local/lib/python3.12/site-packages/airflow/example_dags/example_xcomargs.py
[2024-07-06T12:16:54.081+0000] {logging_mixin.py:188} INFO - [2024-07-06T12:16:54.080+0000] {process_utils.py:263} INFO - Waiting up to 5 seconds for processes to exit...
