[2024-07-06T11:47:28.378+0000] {processor.py:161} INFO - Started process (PID=65) to work on /home/airflow/.local/lib/python3.12/site-packages/airflow/example_dags/example_time_delta_sensor_async.py
[2024-07-06T11:47:28.381+0000] {processor.py:830} INFO - Processing file /home/airflow/.local/lib/python3.12/site-packages/airflow/example_dags/example_time_delta_sensor_async.py for tasks to queue
[2024-07-06T11:47:28.388+0000] {logging_mixin.py:188} INFO - [2024-07-06T11:47:28.387+0000] {dagbag.py:545} INFO - Filling up the DagBag from /home/airflow/.local/lib/python3.12/site-packages/airflow/example_dags/example_time_delta_sensor_async.py
[2024-07-06T11:47:28.416+0000] {processor.py:840} INFO - DAG(s) 'example_time_delta_sensor_async' retrieved from /home/airflow/.local/lib/python3.12/site-packages/airflow/example_dags/example_time_delta_sensor_async.py
[2024-07-06T11:47:29.595+0000] {logging_mixin.py:188} INFO - [2024-07-06T11:47:29.593+0000] {override.py:1829} INFO - Created Permission View: can read on DAG:example_time_delta_sensor_async
[2024-07-06T11:47:29.636+0000] {logging_mixin.py:188} INFO - [2024-07-06T11:47:29.635+0000] {override.py:1829} INFO - Created Permission View: can edit on DAG:example_time_delta_sensor_async
[2024-07-06T11:47:29.656+0000] {logging_mixin.py:188} INFO - [2024-07-06T11:47:29.655+0000] {override.py:1829} INFO - Created Permission View: can delete on DAG:example_time_delta_sensor_async
[2024-07-06T11:47:29.658+0000] {logging_mixin.py:188} INFO - [2024-07-06T11:47:29.657+0000] {dag.py:3096} INFO - Sync 1 DAGs
[2024-07-06T11:47:29.747+0000] {logging_mixin.py:188} INFO - [2024-07-06T11:47:29.746+0000] {dag.py:3118} INFO - Creating ORM DAG for example_time_delta_sensor_async
[2024-07-06T11:47:29.750+0000] {logging_mixin.py:188} INFO - [2024-07-06T11:47:29.750+0000] {dag.py:3954} INFO - Setting next_dagrun for example_time_delta_sensor_async to None, run_after=None
[2024-07-06T11:47:29.832+0000] {processor.py:183} INFO - Processing /home/airflow/.local/lib/python3.12/site-packages/airflow/example_dags/example_time_delta_sensor_async.py took 1.474 seconds
[2024-07-06T11:48:00.181+0000] {processor.py:161} INFO - Started process (PID=122) to work on /home/airflow/.local/lib/python3.12/site-packages/airflow/example_dags/example_time_delta_sensor_async.py
[2024-07-06T11:48:00.185+0000] {processor.py:830} INFO - Processing file /home/airflow/.local/lib/python3.12/site-packages/airflow/example_dags/example_time_delta_sensor_async.py for tasks to queue
[2024-07-06T11:48:00.193+0000] {logging_mixin.py:188} INFO - [2024-07-06T11:48:00.191+0000] {dagbag.py:545} INFO - Filling up the DagBag from /home/airflow/.local/lib/python3.12/site-packages/airflow/example_dags/example_time_delta_sensor_async.py
[2024-07-06T11:48:00.215+0000] {processor.py:840} INFO - DAG(s) 'example_time_delta_sensor_async' retrieved from /home/airflow/.local/lib/python3.12/site-packages/airflow/example_dags/example_time_delta_sensor_async.py
[2024-07-06T11:48:00.296+0000] {logging_mixin.py:188} INFO - [2024-07-06T11:48:00.295+0000] {dag.py:3096} INFO - Sync 1 DAGs
[2024-07-06T11:48:00.344+0000] {logging_mixin.py:188} INFO - [2024-07-06T11:48:00.343+0000] {dag.py:3954} INFO - Setting next_dagrun for example_time_delta_sensor_async to None, run_after=None
[2024-07-06T11:48:00.410+0000] {processor.py:183} INFO - Processing /home/airflow/.local/lib/python3.12/site-packages/airflow/example_dags/example_time_delta_sensor_async.py took 0.255 seconds
[2024-07-06T11:50:17.622+0000] {processor.py:161} INFO - Started process (PID=161) to work on /home/airflow/.local/lib/python3.12/site-packages/airflow/example_dags/example_time_delta_sensor_async.py
[2024-07-06T11:50:17.625+0000] {processor.py:830} INFO - Processing file /home/airflow/.local/lib/python3.12/site-packages/airflow/example_dags/example_time_delta_sensor_async.py for tasks to queue
[2024-07-06T11:50:17.637+0000] {logging_mixin.py:188} INFO - [2024-07-06T11:50:17.636+0000] {dagbag.py:545} INFO - Filling up the DagBag from /home/airflow/.local/lib/python3.12/site-packages/airflow/example_dags/example_time_delta_sensor_async.py
[2024-07-06T11:50:17.671+0000] {processor.py:840} INFO - DAG(s) 'example_time_delta_sensor_async' retrieved from /home/airflow/.local/lib/python3.12/site-packages/airflow/example_dags/example_time_delta_sensor_async.py
[2024-07-06T11:50:17.908+0000] {logging_mixin.py:188} INFO - [2024-07-06T11:50:17.907+0000] {dag.py:3096} INFO - Sync 1 DAGs
[2024-07-06T11:50:20.078+0000] {logging_mixin.py:188} INFO - [2024-07-06T11:50:20.078+0000] {process_utils.py:263} INFO - Waiting up to 5 seconds for processes to exit...
[2024-07-06T12:14:41.133+0000] {processor.py:161} INFO - Started process (PID=48) to work on /home/airflow/.local/lib/python3.12/site-packages/airflow/example_dags/example_time_delta_sensor_async.py
[2024-07-06T12:14:41.135+0000] {processor.py:830} INFO - Processing file /home/airflow/.local/lib/python3.12/site-packages/airflow/example_dags/example_time_delta_sensor_async.py for tasks to queue
[2024-07-06T12:14:41.159+0000] {logging_mixin.py:188} INFO - [2024-07-06T12:14:41.150+0000] {dagbag.py:545} INFO - Filling up the DagBag from /home/airflow/.local/lib/python3.12/site-packages/airflow/example_dags/example_time_delta_sensor_async.py
[2024-07-06T12:14:41.469+0000] {processor.py:840} INFO - DAG(s) 'example_time_delta_sensor_async' retrieved from /home/airflow/.local/lib/python3.12/site-packages/airflow/example_dags/example_time_delta_sensor_async.py
